#
# There is insufficient memory for the Java Runtime Environment to continue.
# Native memory allocation (mmap) failed to map 130023424 bytes for Failed to commit area from 0x0000000085c00000 to 0x000000008d800000 of length 130023424.
# Possible reasons:
#   The system is out of physical RAM or swap space
#   The process is running with CompressedOops enabled, and the Java Heap may be blocking the growth of the native heap
# Possible solutions:
#   Reduce memory load on the system
#   Increase physical memory or swap space
#   Check if swap backing store is full
#   Decrease Java heap size (-Xmx/-Xms)
#   Decrease number of Java threads
#   Decrease Java thread stack sizes (-Xss)
#   Set larger code cache with -XX:ReservedCodeCacheSize=
# This output file may be truncated or incomplete.
#
#  Out of Memory Error (./src/hotspot/os/windows/os_windows.cpp:3301), pid=13160, tid=12924
#
# JRE version:  (11.0.10+9) (build )
# Java VM: Dynamic Code Evolution 64-Bit Server VM (11.0.10+9-b1341.41, mixed mode, sharing, tiered, compressed oops, g1 gc, windows-amd64)
# No core dump will be written. Minidumps are not enabled by default on client versions of Windows
#

---------------  S U M M A R Y ------------

Command Line: org.jetbrains.git4idea.http.GitAskPassApp Username for 'https://github.com': 

Host: Intel(R) Core(TM) i5-5200U CPU @ 2.20GHz, 4 cores, 7G,  Windows 10 , 64 bit Build 19041 (10.0.19041.3155)
Time: Fri Jul 21 08:46:38 2023 SA Pacific Standard Time elapsed time: 0.020237 seconds (0d 0h 0m 0s)

---------------  T H R E A D  ---------------

Current thread (0x000002b3a4fcc000):  JavaThread "Unknown thread" [_thread_in_vm, id=12924, stack(0x000000fffbb00000,0x000000fffbc00000)]

Stack: [0x000000fffbb00000,0x000000fffbc00000]
Native frames: (J=compiled Java code, j=interpreted, Vv=VM code, C=native code)
V  [jvm.dll+0x5f84fa]
V  [jvm.dll+0x77e085]
V  [jvm.dll+0x77f5dd]
V  [jvm.dll+0x77fc93]
V  [jvm.dll+0x2457e8]
V  [jvm.dll+0x5f58f4]
V  [jvm.dll+0x5ea975]
V  [jvm.dll+0x30228b]
V  [jvm.dll+0x3021fa]
V  [jvm.dll+0x3020d2]
V  [jvm.dll+0x306fb6]
V  [jvm.dll+0x34f843]
V  [jvm.dll+0x34ff46]
V  [jvm.dll+0x34f943]
V  [jvm.dll+0x2dbcb8]
V  [jvm.dll+0x2dce57]
V  [jvm.dll+0x75c4d7]
V  [jvm.dll+0x75dd6c]
V  [jvm.dll+0x35cdb9]
V  [jvm.dll+0x73fc9e]
V  [jvm.dll+0x3c5663]
V  [jvm.dll+0x3c7a21]
C  [jli.dll+0x5373]
C  [ucrtbase.dll+0x21bb2]
C  [KERNEL32.DLL+0x17614]
C  [ntdll.dll+0x526b1]


---------------  P R O C E S S  ---------------

Threads class SMR info:
_java_thread_list=0x000002b3a2f317a0, length=0, elements={
}

Java Threads: ( => current thread )

Other Threads:
  0x000002b3a4fe7800 GCTaskThread "GC Thread#0" [stack: 0x000000fffbc00000,0x000000fffbd00000] [id=8228]
  0x000002b3a5016000 ConcurrentGCThread "G1 Main Marker" [stack: 0x000000fffbd00000,0x000000fffbe00000] [id=9584]
  0x000002b3a5017800 ConcurrentGCThread "G1 Conc#0" [stack: 0x000000fffbe00000,0x000000fffbf00000] [id=1972]

[error occurred during error reporting (printing all threads), id 0xc0000005, EXCEPTION_ACCESS_VIOLATION (0xc0000005) at pc=0x00007ffaf98ec437]

VM state:not at safepoint (not fully initialized)

VM Mutex/Monitor currently owned by a thread:  ([mutex/lock_event])
[0x000002b3a4fca7c0] Heap_lock - owner thread: 0x000002b3a4fcc000

Heap address: 0x0000000085c00000, size: 1956 MB, Compressed Oops mode: Non-zero based: 0x0000000085c00000
Narrow klass base: 0x0000000000000000, Narrow klass shift: 0

GC Heap History (0 events):
No events

Deoptimization events (0 events):
No events

Classes redefined (0 events):
No events

Internal exceptions (0 events):
No events

Events (1 events):
Event: 0.011 Loaded shared library C:\Program Files\JetBrains\PyCharm Community Edition 2021.1.1\jbr\bin\zip.dll


Dynamic libraries:
0x00007ff62a260000 - 0x00007ff62a26a000 	C:\Program Files\JetBrains\PyCharm Community Edition 2021.1.1\jbr\bin\java.exe
0x00007ffb71770000 - 0x00007ffb71968000 	C:\WINDOWS\SYSTEM32\ntdll.dll
0x00007ffb707b0000 - 0x00007ffb7086f000 	C:\WINDOWS\System32\KERNEL32.DLL
0x00007ffb6f1e0000 - 0x00007ffb6f4d6000 	C:\WINDOWS\System32\KERNELBASE.dll
0x00007ffb6ef10000 - 0x00007ffb6f010000 	C:\WINDOWS\System32\ucrtbase.dll
0x00007ffb47860000 - 0x00007ffb47879000 	C:\Program Files\JetBrains\PyCharm Community Edition 2021.1.1\jbr\bin\jli.dll
0x00007ffb31ef0000 - 0x00007ffb31f07000 	C:\Program Files\JetBrains\PyCharm Community Edition 2021.1.1\jbr\bin\VCRUNTIME140.dll
0x00007ffb701c0000 - 0x00007ffb7035d000 	C:\WINDOWS\System32\USER32.dll
0x00007ffb6f610000 - 0x00007ffb6f632000 	C:\WINDOWS\System32\win32u.dll
0x00007ffb5eaa0000 - 0x00007ffb5ed3a000 	C:\WINDOWS\WinSxS\amd64_microsoft.windows.common-controls_6595b64144ccf1df_6.0.19041.1110_none_60b5254171f9507e\COMCTL32.dll
0x00007ffb6f7a0000 - 0x00007ffb6f7cc000 	C:\WINDOWS\System32\GDI32.dll
0x00007ffb71660000 - 0x00007ffb716fe000 	C:\WINDOWS\System32\msvcrt.dll
0x00007ffb6f0c0000 - 0x00007ffb6f1d5000 	C:\WINDOWS\System32\gdi32full.dll
0x00007ffb6f4e0000 - 0x00007ffb6f57d000 	C:\WINDOWS\System32\msvcp_win.dll
0x00007ffb6f910000 - 0x00007ffb6f940000 	C:\WINDOWS\System32\IMM32.DLL
0x00007ffb2df70000 - 0x00007ffb2e00d000 	C:\Program Files\JetBrains\PyCharm Community Edition 2021.1.1\jbr\bin\msvcp140.dll
0x00007ffaf9600000 - 0x00007ffafa14f000 	C:\Program Files\JetBrains\PyCharm Community Edition 2021.1.1\jbr\bin\server\jvm.dll
0x00007ffb70e70000 - 0x00007ffb70f1f000 	C:\WINDOWS\System32\ADVAPI32.dll
0x00007ffb70360000 - 0x00007ffb703fc000 	C:\WINDOWS\System32\sechost.dll
0x00007ffb6f940000 - 0x00007ffb6fa66000 	C:\WINDOWS\System32\RPCRT4.dll
0x00007ffb71000000 - 0x00007ffb71008000 	C:\WINDOWS\System32\PSAPI.DLL
0x00007ffb5cb40000 - 0x00007ffb5cb49000 	C:\WINDOWS\SYSTEM32\WSOCK32.dll
0x00007ffb5fae0000 - 0x00007ffb5fb07000 	C:\WINDOWS\SYSTEM32\WINMM.dll
0x00007ffb5ed50000 - 0x00007ffb5ed5a000 	C:\WINDOWS\SYSTEM32\VERSION.dll
0x00007ffb70f90000 - 0x00007ffb70ffb000 	C:\WINDOWS\System32\WS2_32.dll
0x00007ffb6d620000 - 0x00007ffb6d632000 	C:\WINDOWS\SYSTEM32\kernel.appcore.dll
0x00007ffb6a0c0000 - 0x00007ffb6a0d1000 	C:\Program Files\JetBrains\PyCharm Community Edition 2021.1.1\jbr\bin\verify.dll
0x00007ffb6cb80000 - 0x00007ffb6cd64000 	C:\WINDOWS\SYSTEM32\DBGHELP.DLL
0x00007ffb5b970000 - 0x00007ffb5b9a4000 	C:\WINDOWS\SYSTEM32\dbgcore.DLL
0x00007ffb6f580000 - 0x00007ffb6f602000 	C:\WINDOWS\System32\bcryptPrimitives.dll
0x00007ffb677a0000 - 0x00007ffb677c9000 	C:\Program Files\JetBrains\PyCharm Community Edition 2021.1.1\jbr\bin\java.dll
0x00007ffb6a1f0000 - 0x00007ffb6a1fb000 	C:\Program Files\JetBrains\PyCharm Community Edition 2021.1.1\jbr\bin\jimage.dll
0x00007ffb67780000 - 0x00007ffb67798000 	C:\Program Files\JetBrains\PyCharm Community Edition 2021.1.1\jbr\bin\zip.dll

dbghelp: loaded successfully - version: 4.0.5 - missing functions: none
symbol engine: initialized successfully - sym options: 0x614 - pdb path: .;C:\Program Files\JetBrains\PyCharm Community Edition 2021.1.1\jbr\bin;C:\WINDOWS\SYSTEM32;C:\WINDOWS\WinSxS\amd64_microsoft.windows.common-controls_6595b64144ccf1df_6.0.19041.1110_none_60b5254171f9507e;C:\Program Files\JetBrains\PyCharm Community Edition 2021.1.1\jbr\bin\server

VM Arguments:
java_command: org.jetbrains.git4idea.http.GitAskPassApp Username for 'https://github.com': 
java_class_path (initial): C:/Program Files/JetBrains/PyCharm Community Edition 2021.1.1/plugins/git4idea/lib/git4idea-rt.jar;C:/Program Files/JetBrains/PyCharm Community Edition 2021.1.1/lib/xmlrpc-2.0.1.jar;C:/Program Files/JetBrains/PyCharm Community Edition 2021.1.1/lib/commons-codec-1.15.jar
Launcher Type: SUN_STANDARD

[Global flags]
     intx CICompilerCount                          = 3                                         {product} {ergonomic}
     uint ConcGCThreads                            = 1                                         {product} {ergonomic}
     uint G1ConcRefinementThreads                  = 4                                         {product} {ergonomic}
   size_t G1HeapRegionSize                         = 1048576                                   {product} {ergonomic}
    uintx GCDrainStackTargetSize                   = 64                                        {product} {ergonomic}
   size_t InitialHeapSize                          = 130023424                                 {product} {ergonomic}
   size_t MarkStackSize                            = 4194304                                   {product} {ergonomic}
   size_t MaxHeapSize                              = 2051014656                                {product} {ergonomic}
   size_t MinHeapDeltaBytes                        = 1048576                                   {product} {ergonomic}
    uintx NonNMethodCodeHeapSize                   = 5830732                                {pd product} {ergonomic}
    uintx NonProfiledCodeHeapSize                  = 122913754                              {pd product} {ergonomic}
    uintx ProfiledCodeHeapSize                     = 122913754                              {pd product} {ergonomic}
    uintx ReservedCodeCacheSize                    = 251658240                              {pd product} {ergonomic}
     bool SegmentedCodeCache                       = true                                      {product} {ergonomic}
     bool UseCompressedClassPointers               = true                                 {lp64_product} {ergonomic}
     bool UseCompressedOops                        = true                                 {lp64_product} {ergonomic}
     bool UseG1GC                                  = true                                      {product} {ergonomic}
     bool UseLargePagesIndividualAllocation        = false                                  {pd product} {ergonomic}

Logging:
Log output configuration:
 #0: stdout all=warning uptime,level,tags
 #1: stderr all=off uptime,level,tags

Environment Variables:
PATH=C:\Program Files\Git\mingw64\libexec\git-core;C:\Program Files\Git\mingw64\libexec\git-core;C:\Program Files\Git\mingw64\bin;C:\Program Files\Git\usr\bin;C:\Users\dell\bin;C:\Program Files\Common Files\Oracle\Java\javapath;C:\Python38\Scripts;C:\Python38;C:\Program Files (x86)\Intel\iCLS Client;C:\Program Files\Intel\iCLS Client;C:\WINDOWS\system32;C:\WINDOWS;C:\WINDOWS\System32\Wbem;C:\WINDOWS\System32\WindowsPowerShell\v1.0;C:\WINDOWS\System32\OpenSSH;C:\Program Files (x86)\Microsoft SQL Server\150\DTS\Binn;C:\Program Files (x86)\Intel\Intel(R) Management Engine Components\DAL;C:\Program Files\Intel\Intel(R) Management Engine Components\DAL;C:\Program Files (x86)\Intel\Intel(R) Management Engine Components\IPT;C:\Program Files\Intel\Intel(R) Management Engine Components\IPT;C:\Program Files\Intel\WiFi\bin;C:\Program Files\Common Files\Intel\WirelessCommon;C:\Program Files\dotnet;C:\Program Files (x86)\IBM\Client Access\Emulator;C:\Program Files (x86)\IBM\Client Access\Shared;C:\Program Files (x86)\IBM\Client Access;C:\Program Files (x86)\dotnet;C:\Program Files\Git\cmd;C:\Users\dell\AppData\Local\Microsoft\WindowsApps
USERNAME=dell
DISPLAY=:0.0
LC_ALL=en_US.UTF-8
OS=Windows_NT
PROCESSOR_IDENTIFIER=Intel64 Family 6 Model 61 Stepping 4, GenuineIntel



---------------  S Y S T E M  ---------------

OS: Windows 10 , 64 bit Build 19041 (10.0.19041.3155)
OS uptime: 0 days 13:11 hours
Hyper-V role detected

CPU:total 4 (initial active 4) (2 cores per cpu, 2 threads per core) family 6 model 61 stepping 4 microcode 0x2f, cmov, cx8, fxsr, mmx, sse, sse2, sse3, ssse3, sse4.1, sse4.2, popcnt, avx, avx2, aes, clmul, erms, 3dnowpref, lzcnt, ht, tsc, tscinvbit, bmi1, bmi2, adx, fma

Memory: 4k page, system-wide physical 7818M (1022M free)
TotalPageFile size 10916M (AvailPageFile size 99M)
current process WorkingSet (physical memory assigned to process): 10M, peak: 10M
current process commit charge ("private bytes"): 51M, peak: 175M

vm_info: Dynamic Code Evolution 64-Bit Server VM (11.0.10+9-b1341.41) for windows-amd64 JRE (11.0.10+9-b1341.41), built on Apr 17 2021 07:18:15 by "" with MS VC++ 14.0 (VS2015)

END.
